c:\users\ccppa\source\repos\jjeyxb\pitiable-shark-s-adventure-in-different-world\pitiable-shark-s-adventure-in-different-world\pitiable-shark\pitiable-shark\x64\release\vc143.pdb
c:\users\ccppa\source\repos\jjeyxb\pitiable-shark-s-adventure-in-different-world\pitiable-shark-s-adventure-in-different-world\pitiable-shark\pitiable-shark\x64\release\story.obj
c:\users\ccppa\source\repos\jjeyxb\pitiable-shark-s-adventure-in-different-world\pitiable-shark-s-adventure-in-different-world\pitiable-shark\pitiable-shark\x64\release\output.obj
c:\users\ccppa\source\repos\jjeyxb\pitiable-shark-s-adventure-in-different-world\pitiable-shark-s-adventure-in-different-world\pitiable-shark\pitiable-shark\x64\release\main.obj
c:\users\ccppa\source\repos\jjeyxb\pitiable-shark-s-adventure-in-different-world\pitiable-shark-s-adventure-in-different-world\pitiable-shark\pitiable-shark\x64\release\role.obj
c:\users\ccppa\source\repos\jjeyxb\pitiable-shark-s-adventure-in-different-world\pitiable-shark-s-adventure-in-different-world\pitiable-shark\pitiable-shark\x64\release\character.obj
c:\users\ccppa\source\repos\jjeyxb\pitiable-shark-s-adventure-in-different-world\pitiable-shark-s-adventure-in-different-world\pitiable-shark\pitiable-shark\x64\release\game.obj
c:\users\ccppa\source\repos\jjeyxb\pitiable-shark-s-adventure-in-different-world\pitiable-shark-s-adventure-in-different-world\pitiable-shark\pitiable-shark\x64\release\battle.obj
c:\users\ccppa\source\repos\jjeyxb\pitiable-shark-s-adventure-in-different-world\pitiable-shark-s-adventure-in-different-world\pitiable-shark\x64\release\pitiable-shark.exe
c:\users\ccppa\source\repos\jjeyxb\pitiable-shark-s-adventure-in-different-world\pitiable-shark-s-adventure-in-different-world\pitiable-shark\x64\release\pitiable-shark.pdb
c:\users\ccppa\source\repos\jjeyxb\pitiable-shark-s-adventure-in-different-world\pitiable-shark-s-adventure-in-different-world\pitiable-shark\pitiable-shark\x64\release\pitiable-shark.ipdb
c:\users\ccppa\source\repos\jjeyxb\pitiable-shark-s-adventure-in-different-world\pitiable-shark-s-adventure-in-different-world\pitiable-shark\pitiable-shark\x64\release\pitiable-shark.iobj
c:\users\ccppa\source\repos\jjeyxb\pitiable-shark-s-adventure-in-different-world\pitiable-shark-s-adventure-in-different-world\pitiable-shark\pitiable-shark\x64\release\pitiable-shark.tlog\cl.command.1.tlog
c:\users\ccppa\source\repos\jjeyxb\pitiable-shark-s-adventure-in-different-world\pitiable-shark-s-adventure-in-different-world\pitiable-shark\pitiable-shark\x64\release\pitiable-shark.tlog\cl.items.tlog
c:\users\ccppa\source\repos\jjeyxb\pitiable-shark-s-adventure-in-different-world\pitiable-shark-s-adventure-in-different-world\pitiable-shark\pitiable-shark\x64\release\pitiable-shark.tlog\cl.read.1.tlog
c:\users\ccppa\source\repos\jjeyxb\pitiable-shark-s-adventure-in-different-world\pitiable-shark-s-adventure-in-different-world\pitiable-shark\pitiable-shark\x64\release\pitiable-shark.tlog\cl.write.1.tlog
c:\users\ccppa\source\repos\jjeyxb\pitiable-shark-s-adventure-in-different-world\pitiable-shark-s-adventure-in-different-world\pitiable-shark\pitiable-shark\x64\release\pitiable-shark.tlog\link.command.1.tlog
c:\users\ccppa\source\repos\jjeyxb\pitiable-shark-s-adventure-in-different-world\pitiable-shark-s-adventure-in-different-world\pitiable-shark\pitiable-shark\x64\release\pitiable-shark.tlog\link.read.1.tlog
c:\users\ccppa\source\repos\jjeyxb\pitiable-shark-s-adventure-in-different-world\pitiable-shark-s-adventure-in-different-world\pitiable-shark\pitiable-shark\x64\release\pitiable-shark.tlog\link.secondary.1.tlog
c:\users\ccppa\source\repos\jjeyxb\pitiable-shark-s-adventure-in-different-world\pitiable-shark-s-adventure-in-different-world\pitiable-shark\pitiable-shark\x64\release\pitiable-shark.tlog\link.write.1.tlog
